goog$dom$classes$add:Da
goog$userAgent$detectedGecko_:J
goog$string$allRe_:ha
goog$isArrayLike:ca
goog$userAgent$detectedIe_:H
operaVersion$$inline_37:V
goog$dom$isNodeList:Ka
goog$dom$setProperties:Fa
goog$writeScriptTag_:aa
goog$userAgent$getNavigator:L
goog$string$gtRe_:ka
goog$style$setStyle:La
navigator$$inline_31:va
goog$exportPath_:k
goog$string$amperRe_:ia
goog$dom$getElementHelper_:X
L 0:a
L 1:c
L 2:b
L 3:d
goog$isString:z
re$$inline_36:U
goog$array$forEach:qa
goog$string$toTitleCase:oa
L 9:Ha
goog$array$toArray:ra
L 8:Ga
L 7:u
VK2$Controller$MapController:D
L 6:g
goog$dom$createDom:Y
L 5:e
L 4:f
goog$dom$append_:Ja
arr$$inline_38:xa
src$$inline_10:r
src$$inline_14:x
ua$$inline_33:R
goog$userAgent$getDocumentMode_:wa
l$$inline_12:t
goog$userAgent$GECKO:O
docMode$$inline_39:ya
ua$$inline_28:M
goog$userAgent$VERSION:S
qmark$$inline_11:s
goog$isObject:A
goog$string$compareElements_:E
goog$userAgent$detectedOpera_:G
goog$userAgent$isVersionOrHigher:Aa
goog$style$setStyle_:Ma
importScript$$inline_15:ba
goog$userAgent$OPERA:ua
VK2$Controller$SidebarController:Z
goog$userAgent$IE:N
goog$userAgent$detectedWebkit_:I
i$$inline_9:q
goog$global:h
goog$string$toCamelCase:na
goog$string$htmlEscape:ga
L 11:w
goog$object$PROTOTYPE_FIELDS_:C
VK2$Settings$MAIN_MAP_SETTINGS:ea
L 10:v
goog$array$ARRAY_PROTOTYPE_:F
version$$inline_35:T
goog$partial:da
goog$userAgent$getUserAgentString:K
goog$string$quotRe_:la
goog$inHtmlDocument_:n
goog$dom$DIRECT_ATTRIBUTE_MAP_:Ia
goog$array$indexOf:pa
navigator$$inline_29:ta
goog$style$getSizeWithDisplay_:Oa
goog$userAgent$isVersionOrHigherCache_:za
goog$object$forEach:B
goog$array$slice:sa
goog$style$evaluateWithTemporaryDisplay_:Na
goog$object$extend:fa
goog$string$ltRe_:ja
goog$basePath:l
goog$dom$BrowserFeature$CAN_ADD_NAME_OR_TYPE_ATTRIBUTES:Ea
goog$typeOf:y
goog$string$singleQuoteRe_:ma
goog$userAgent$WEBKIT:P
goog$math$Size:W
goog$userAgent$DOCUMENT_MODE:Ca
doc$$inline_55:Ba
goog$userAgent$PLATFORM:Q
scripts$$inline_8:p
goog$dependencies_:m
